0 info it worked if it ends with ok
1 verbose cli [ '/usr/local/bin/node', '/usr/local/bin/npm', 'run', 'serve' ]
2 info using npm@3.10.10
3 info using node@v6.10.2
4 verbose run-script [ 'preserve', 'serve', 'postserve' ]
5 info lifecycle client@0.1.0~preserve: client@0.1.0
6 silly lifecycle client@0.1.0~preserve: no script for preserve, continuing
7 info lifecycle client@0.1.0~serve: client@0.1.0
8 verbose lifecycle client@0.1.0~serve: unsafe-perm in lifecycle true
9 verbose lifecycle client@0.1.0~serve: PATH: /usr/local/lib/node_modules/npm/bin/node-gyp-bin:/Users/swaroop.srinivasan/portfolio/client/node_modules/.bin:/Library/Frameworks/Python.framework/Versions/3.6/bin:/usr/local/bin:/usr/bin:/bin:/usr/sbin:/sbin:/usr/local/Cellar/maven/3.5.0/libexec//bin
10 verbose lifecycle client@0.1.0~serve: CWD: /Users/swaroop.srinivasan/portfolio/client
11 silly lifecycle client@0.1.0~serve: Args: [ '-c', 'vue-cli-service serve' ]
12 silly lifecycle client@0.1.0~serve: Returned: code: 1  signal: null
13 info lifecycle client@0.1.0~serve: Failed to exec serve script
14 verbose stack Error: client@0.1.0 serve: `vue-cli-service serve`
14 verbose stack Exit status 1
14 verbose stack     at EventEmitter.<anonymous> (/usr/local/lib/node_modules/npm/lib/utils/lifecycle.js:255:16)
14 verbose stack     at emitTwo (events.js:106:13)
14 verbose stack     at EventEmitter.emit (events.js:191:7)
14 verbose stack     at ChildProcess.<anonymous> (/usr/local/lib/node_modules/npm/lib/utils/spawn.js:40:14)
14 verbose stack     at emitTwo (events.js:106:13)
14 verbose stack     at ChildProcess.emit (events.js:191:7)
14 verbose stack     at maybeClose (internal/child_process.js:886:16)
14 verbose stack     at Process.ChildProcess._handle.onexit (internal/child_process.js:226:5)
15 verbose pkgid client@0.1.0
16 verbose cwd /Users/swaroop.srinivasan/portfolio/client
17 error Darwin 16.7.0
18 error argv "/usr/local/bin/node" "/usr/local/bin/npm" "run" "serve"
19 error node v6.10.2
20 error npm  v3.10.10
21 error code ELIFECYCLE
22 error client@0.1.0 serve: `vue-cli-service serve`
22 error Exit status 1
23 error Failed at the client@0.1.0 serve script 'vue-cli-service serve'.
23 error Make sure you have the latest version of node.js and npm installed.
23 error If you do, this is most likely a problem with the client package,
23 error not with npm itself.
23 error Tell the author that this fails on your system:
23 error     vue-cli-service serve
23 error You can get information on how to open an issue for this project with:
23 error     npm bugs client
23 error Or if that isn't available, you can get their info via:
23 error     npm owner ls client
23 error There is likely additional logging output above.
24 verbose exit [ 1, true ]
